<?xml version="1.0" encoding="UTF-8"?>
<!-- Generated by org.testng.reporters.JUnitReportReporter -->
<testsuite hostname="EPINPUNW009D" failures="0" tests="3" name="tests.LoginTest" time="1.981" errors="0" timestamp="2024-08-22T22:13:44 IST" skipped="0">
  <testcase classname="tests.LoginTest" name="verifyValidLogin" time="1.402">
    <system-out>
      <![CDATA[Application opened with baseUrl, which is: https://www.saucedemo.com/
Value filled in email textbox located by, By.id: user-name
Value filled in password textbox located by, By.id: password
Clicked on login button located by, By.id: login-button
Text captured from locator, By.xpath: //span[@class='title']
Text verified successfully, which is equals to: Products]]>
    </system-out>
  </testcase> <!-- verifyValidLogin -->
  <testcase classname="tests.LoginTest" name="verifyInvalidLogin" time="0.267">
    <system-out>
      <![CDATA[Application opened with baseUrl, which is: https://www.saucedemo.com/
Value filled in email textbox located by, By.id: user-name
Value filled in password textbox located by, By.id: password
Clicked on login button located by, By.id: login-button
Text captured from locator, By.tagName: h3]]>
    </system-out>
  </testcase> <!-- verifyInvalidLogin -->
  <testcase classname="tests.LoginTest" name="verifyInvalidLogin" time="0.312">
    <system-out>
      <![CDATA[Application opened with baseUrl, which is: https://www.saucedemo.com/
Value filled in email textbox located by, By.id: user-name
Value filled in password textbox located by, By.id: password
Clicked on login button located by, By.id: login-button
Text captured from locator, By.tagName: h3]]>
    </system-out>
  </testcase> <!-- verifyInvalidLogin -->
  <system-out>
    <![CDATA[Browser (chrome) launched
Implicit wait implemented
Application opened with baseUrl, which is: https://www.saucedemo.com/
Value filled in email textbox located by, By.id: user-name
Value filled in password textbox located by, By.id: password
Clicked on login button located by, By.id: login-button
Text captured from locator, By.xpath: //span[@class='title']
Text verified successfully, which is equals to: Products
Application opened with baseUrl, which is: https://www.saucedemo.com/
Value filled in email textbox located by, By.id: user-name
Value filled in password textbox located by, By.id: password
Clicked on login button located by, By.id: login-button
Text captured from locator, By.tagName: h3
Application opened with baseUrl, which is: https://www.saucedemo.com/
Value filled in email textbox located by, By.id: user-name
Value filled in password textbox located by, By.id: password
Clicked on login button located by, By.id: login-button
Text captured from locator, By.tagName: h3
Browser and session quit]]>
  </system-out>
</testsuite> <!-- tests.LoginTest -->
